2023/06/24 13:36:15.460081 Error while migrating tables: error occurred while running "create_user_admin_default": ERROR: column "admin" does not exist (SQLSTATE 42703)
2023/06/24 13:36:36.153584 Error while migrating tables: error occurred while running "create_user_admin_default": ERROR: column "admin" does not exist (SQLSTATE 42703)
2023/06/24 13:49:27.493003 app DeletePosition ERROR: update or delete on table "positions" violates foreign key constraint "employees_position_id_fkey" on table "employees" (SQLSTATE 23503)
2023/06/24 13:49:27.494026 http replyError unhandled error: ERROR: update or delete on table "positions" violates foreign key constraint "employees_position_id_fkey" on table "employees" (SQLSTATE 23503)
2023/06/24 13:49:52.428435 app DeletePosition ERROR: update or delete on table "positions" violates foreign key constraint "employees_position_id_fkey" on table "employees" (SQLSTATE 23503)
2023/06/24 13:49:52.429341 http replyError unhandled error: ERROR: update or delete on table "positions" violates foreign key constraint "employees_position_id_fkey" on table "employees" (SQLSTATE 23503)
2023/06/24 13:53:12.340659 app DeletePosition ERROR: update or delete on table "positions" violates foreign key constraint "employees_position_id_fkey" on table "employees" (SQLSTATE 23503)
2023/06/24 13:53:12.341022 http replyError unhandled error: ERROR: update or delete on table "positions" violates foreign key constraint "employees_position_id_fkey" on table "employees" (SQLSTATE 23503)
2023/06/24 13:56:06.837938 app GetEmployeeByID can't scan into dest[5]: cannot scan date (OID 1082) in binary format into *string
2023/06/24 13:56:06.838628 http replyError unhandled error: can't scan into dest[5]: cannot scan date (OID 1082) in binary format into *string
2023/06/24 13:56:13.115581 app GetEmployees can't scan into dest[5]: cannot scan date (OID 1082) in binary format into *string
2023/06/24 13:56:13.116093 http replyError unhandled error: can't scan into dest[5]: cannot scan date (OID 1082) in binary format into *string
2023/06/24 13:56:46.733992 app GetEmployeeByID can't scan into dest[5]: cannot scan date (OID 1082) in binary format into *string
2023/06/24 13:56:46.734673 http replyError unhandled error: can't scan into dest[5]: cannot scan date (OID 1082) in binary format into *string
2023/06/24 14:00:22.665594 app GetEmployees can't scan into dest[5]: cannot scan date (OID 1082) in binary format into *string
2023/06/24 14:00:22.665594 http replyError unhandled error: can't scan into dest[5]: cannot scan date (OID 1082) in binary format into *string
2023/06/24 14:34:13.829344 app GetRequests can't scan into dest[2]: cannot scan date (OID 1082) in binary format into *string
2023/06/24 14:34:13.830714 http replyError unhandled error: can't scan into dest[2]: cannot scan date (OID 1082) in binary format into *string
2023/06/24 14:34:37.063280 app GetEmployeeRequestByID can't scan into dest[2]: cannot scan date (OID 1082) in binary format into *string
2023/06/24 14:34:37.063280 http replyError unhandled error: can't scan into dest[2]: cannot scan date (OID 1082) in binary format into *string
2023/06/24 14:35:03.907013 app UpdateEmployeeRequest no rows in result set
2023/06/24 14:35:35.458803 app GetRequests can't scan into dest[2]: cannot scan date (OID 1082) in binary format into *string
2023/06/24 14:35:35.459457 http replyError unhandled error: can't scan into dest[2]: cannot scan date (OID 1082) in binary format into *string
2023/06/24 14:36:03.094755 app GetRequests can't scan into dest[2]: cannot scan date (OID 1082) in binary format into *string
2023/06/24 14:36:03.095611 http replyError unhandled error: can't scan into dest[2]: cannot scan date (OID 1082) in binary format into *string
2023/06/24 14:36:25.937222 app GetEmployeeRequestByID can't scan into dest[2]: cannot scan date (OID 1082) in binary format into *string
2023/06/24 14:36:25.937222 http replyError unhandled error: can't scan into dest[2]: cannot scan date (OID 1082) in binary format into *string
